0 info it worked if it ends with ok
1 verbose cli [ '/usr/local/bin/node',
1 verbose cli   '/usr/local/bin/npm',
1 verbose cli   'install',
1 verbose cli   '-g',
1 verbose cli   'bower' ]
2 info using npm@2.15.1
3 info using node@v4.4.4
4 verbose install initial load of /usr/local/lib/package.json
5 verbose readDependencies loading dependencies from /usr/local/lib/package.json
6 silly cache add args [ 'bower', null ]
7 verbose cache add spec bower
8 silly cache add parsed spec Result {
8 silly cache add   raw: 'bower',
8 silly cache add   scope: null,
8 silly cache add   name: 'bower',
8 silly cache add   rawSpec: '',
8 silly cache add   spec: 'latest',
8 silly cache add   type: 'tag' }
9 silly addNamed bower@latest
10 verbose addNamed "latest" is being treated as a dist-tag for bower
11 info addNameTag [ 'bower', 'latest' ]
12 silly mapToRegistry name bower
13 silly mapToRegistry using default registry
14 silly mapToRegistry registry https://registry.npmjs.org/
15 silly mapToRegistry data Result {
15 silly mapToRegistry   raw: 'bower',
15 silly mapToRegistry   scope: null,
15 silly mapToRegistry   name: 'bower',
15 silly mapToRegistry   rawSpec: '',
15 silly mapToRegistry   spec: 'latest',
15 silly mapToRegistry   type: 'tag' }
16 silly mapToRegistry uri https://registry.npmjs.org/bower
17 verbose addNameTag registry:https://registry.npmjs.org/bower not in flight; fetching
18 verbose request uri https://registry.npmjs.org/bower
19 verbose request no auth needed
20 info attempt registry request try #1 at 4:17:54 PM
21 verbose request id a3914f2305f21382
22 verbose etag "CENTZNCBUX1BP44MF9TCBRX9H"
23 http request GET https://registry.npmjs.org/bower
24 http 200 https://registry.npmjs.org/bower
25 verbose headers { server: 'CouchDB/1.6.1 (Erlang OTP/R16B03)',
25 verbose headers   etag: '"1KF8T2JQDB29ZZT23X3864QRF"',
25 verbose headers   'content-type': 'application/json',
25 verbose headers   'content-encoding': 'gzip',
25 verbose headers   'cache-control': 'max-age=300',
25 verbose headers   'content-length': '20612',
25 verbose headers   'accept-ranges': 'bytes',
25 verbose headers   date: 'Thu, 25 Aug 2016 08:17:55 GMT',
25 verbose headers   via: '1.1 varnish',
25 verbose headers   age: '160',
25 verbose headers   connection: 'keep-alive',
25 verbose headers   'x-served-by': 'cache-sjc3649-SJC',
25 verbose headers   'x-cache': 'HIT',
25 verbose headers   'x-cache-hits': '1',
25 verbose headers   'x-timer': 'S1472113075.164261,VS0,VE0',
25 verbose headers   vary: 'Accept-Encoding' }
26 silly get cb [ 200,
26 silly get   { server: 'CouchDB/1.6.1 (Erlang OTP/R16B03)',
26 silly get     etag: '"1KF8T2JQDB29ZZT23X3864QRF"',
26 silly get     'content-type': 'application/json',
26 silly get     'content-encoding': 'gzip',
26 silly get     'cache-control': 'max-age=300',
26 silly get     'content-length': '20612',
26 silly get     'accept-ranges': 'bytes',
26 silly get     date: 'Thu, 25 Aug 2016 08:17:55 GMT',
26 silly get     via: '1.1 varnish',
26 silly get     age: '160',
26 silly get     connection: 'keep-alive',
26 silly get     'x-served-by': 'cache-sjc3649-SJC',
26 silly get     'x-cache': 'HIT',
26 silly get     'x-cache-hits': '1',
26 silly get     'x-timer': 'S1472113075.164261,VS0,VE0',
26 silly get     vary: 'Accept-Encoding' } ]
27 verbose get saving bower to /Users/stevenchang/.npm/registry.npmjs.org/bower/.cache.json
28 verbose correctMkdir /Users/stevenchang/.npm correctMkdir not in flight; initializing
29 silly addNameTag next cb for bower with tag latest
30 silly addNamed bower@1.7.9
31 verbose addNamed "1.7.9" is a plain semver version for bower
32 silly cache afterAdd bower@1.7.9
33 verbose afterAdd /Users/stevenchang/.npm/bower/1.7.9/package/package.json not in flight; writing
34 verbose correctMkdir /Users/stevenchang/.npm correctMkdir not in flight; initializing
35 verbose afterAdd /Users/stevenchang/.npm/bower/1.7.9/package/package.json written
36 silly install resolved [ { name: 'bower',
36 silly install resolved     version: '1.7.9',
36 silly install resolved     description: 'The browser package manager',
36 silly install resolved     author: { name: 'Twitter' },
36 silly install resolved     license: 'MIT',
36 silly install resolved     repository: { type: 'git', url: 'git+https://github.com/bower/bower.git' },
36 silly install resolved     main: 'lib',
36 silly install resolved     bin: { bower: 'bin/bower' },
36 silly install resolved     homepage: 'http://bower.io',
36 silly install resolved     engines: { node: '>=0.10.0' },
36 silly install resolved     keywords: [ 'bower' ],
36 silly install resolved     files: [ 'bin', 'lib' ],
36 silly install resolved     bugs: { url: 'https://github.com/bower/bower/issues' },
36 silly install resolved     _id: 'bower@1.7.9',
36 silly install resolved     scripts: {},
36 silly install resolved     _shasum: 'b7296c2393e0d75edaa6ca39648132dd255812b0',
36 silly install resolved     _from: 'bower@latest',
36 silly install resolved     _npmVersion: '3.7.3',
36 silly install resolved     _nodeVersion: '5.9.0',
36 silly install resolved     _npmUser: { name: 'sheerun', email: 'sheerun@sher.pl' },
36 silly install resolved     dist:
36 silly install resolved      { shasum: 'b7296c2393e0d75edaa6ca39648132dd255812b0',
36 silly install resolved        tarball: 'https://registry.npmjs.org/bower/-/bower-1.7.9.tgz' },
36 silly install resolved     maintainers:
36 silly install resolved      [ [Object],
36 silly install resolved        [Object],
36 silly install resolved        [Object],
36 silly install resolved        [Object],
36 silly install resolved        [Object],
36 silly install resolved        [Object],
36 silly install resolved        [Object] ],
36 silly install resolved     _npmOperationalInternal:
36 silly install resolved      { host: 'packages-12-west.internal.npmjs.com',
36 silly install resolved        tmp: 'tmp/bower-1.7.9.tgz_1459857239351_0.9720134933013469' },
36 silly install resolved     directories: {},
36 silly install resolved     _resolved: 'https://registry.npmjs.org/bower/-/bower-1.7.9.tgz',
36 silly install resolved     readme: 'ERROR: No README data found!' } ]
37 info install bower@1.7.9 into /usr/local/lib
38 info installOne bower@1.7.9
39 verbose installOne of bower to /usr/local/lib not in flight; installing
40 verbose correctMkdir /Users/stevenchang/.npm/_locks correctMkdir not in flight; initializing
41 verbose lock using /Users/stevenchang/.npm/_locks/bower-e8debc5417026b57.lock for /usr/local/lib/node_modules/bower
42 silly install write writing bower 1.7.9 to /usr/local/lib/node_modules/bower
43 verbose unbuild lib/node_modules/bower
44 silly gentlyRm /usr/local/lib/node_modules/bower is being purged from base /usr/local
45 verbose gentlyRm don't care about contents; nuking /usr/local/lib/node_modules/bower
46 verbose tar unpack /Users/stevenchang/.npm/bower/1.7.9/package.tgz
47 verbose tar unpacking to /usr/local/lib/node_modules/bower
48 silly gentlyRm /usr/local/lib/node_modules/bower is being purged
49 verbose gentlyRm don't care about contents; nuking /usr/local/lib/node_modules/bower
50 silly gunzTarPerm modes [ '755', '644' ]
51 error tar.unpack untar error /Users/stevenchang/.npm/bower/1.7.9/package.tgz
52 verbose unlock done using /Users/stevenchang/.npm/_locks/bower-e8debc5417026b57.lock for /usr/local/lib/node_modules/bower
53 verbose fstream_path /usr/local/lib/node_modules/bower
54 verbose fstream_type Directory
55 verbose fstream_class DirWriter
56 verbose stack Error: EACCES: permission denied, mkdir '/usr/local/lib/node_modules/bower'
56 verbose stack     at Error (native)
57 verbose fstream_stack /usr/local/lib/node_modules/npm/node_modules/fstream/lib/dir-writer.js:35:25
57 verbose fstream_stack /usr/local/lib/node_modules/npm/node_modules/mkdirp/index.js:47:53
57 verbose fstream_stack FSReqWrap.oncomplete (fs.js:82:15)
58 verbose cwd /Users/stevenchang/Documents/stevenjchang.github.io/my_blog/taxtip
59 error Darwin 15.2.0
60 error argv "/usr/local/bin/node" "/usr/local/bin/npm" "install" "-g" "bower"
61 error node v4.4.4
62 error npm  v2.15.1
63 error path /usr/local/lib/node_modules/bower
64 error code EACCES
65 error errno -13
66 error syscall mkdir
67 error Error: EACCES: permission denied, mkdir '/usr/local/lib/node_modules/bower'
67 error     at Error (native)
67 error  { [Error: EACCES: permission denied, mkdir '/usr/local/lib/node_modules/bower']
67 error   errno: -13,
67 error   code: 'EACCES',
67 error   syscall: 'mkdir',
67 error   path: '/usr/local/lib/node_modules/bower',
67 error   fstream_type: 'Directory',
67 error   fstream_path: '/usr/local/lib/node_modules/bower',
67 error   fstream_class: 'DirWriter',
67 error   fstream_stack:
67 error    [ '/usr/local/lib/node_modules/npm/node_modules/fstream/lib/dir-writer.js:35:25',
67 error      '/usr/local/lib/node_modules/npm/node_modules/mkdirp/index.js:47:53',
67 error      'FSReqWrap.oncomplete (fs.js:82:15)' ] }
68 error Please try running this command again as root/Administrator.
69 verbose exit [ -13, true ]
70 verbose unbuild lib/node_modules/bower
71 silly gentlyRm /usr/local/lib/node_modules/bower is being purged from base /usr/local
72 verbose gentlyRm don't care about contents; nuking /usr/local/lib/node_modules/bower
